0 info it worked if it ends with ok
1 verbose cli [ 'node', '/home/gugiserman/local/bin/npm', 'publish' ]
2 info using npm@2.12.0
3 info using node@v0.10.29
4 verbose publish [ '.' ]
5 silly cache add args [ '.', null ]
6 verbose cache add spec .
7 silly cache add parsed spec { raw: '.',
7 silly cache add   scope: null,
7 silly cache add   name: null,
7 silly cache add   rawSpec: '.',
7 silly cache add   spec: '/home/gugiserman/Projects/cron.js',
7 silly cache add   type: 'directory' }
8 verbose addLocalDirectory /home/gugiserman/.npm/cron.js/0.1.0/package.tgz not in flight; packing
9 verbose tar pack [ '/home/gugiserman/.npm/cron.js/0.1.0/package.tgz',
9 verbose tar pack   '/home/gugiserman/Projects/cron.js' ]
10 verbose tarball /home/gugiserman/.npm/cron.js/0.1.0/package.tgz
11 verbose folder /home/gugiserman/Projects/cron.js
12 info prepublish cron.js@0.1.0
13 verbose addLocalTarball adding from inside cache /home/gugiserman/.npm/cron.js/0.1.0/package.tgz
14 silly cache afterAdd cron.js@0.1.0
15 verbose afterAdd /home/gugiserman/.npm/cron.js/0.1.0/package/package.json not in flight; writing
16 verbose afterAdd /home/gugiserman/.npm/cron.js/0.1.0/package/package.json written
17 silly publish { name: 'cron.js',
17 silly publish   version: '0.1.0',
17 silly publish   description: 'Cron expressions parser and generator for JavaScript (browser and server)',
17 silly publish   main: './dist/cron.js',
17 silly publish   dependencies: { babel: '^5.8.21' },
17 silly publish   devDependencies:
17 silly publish    { 'babel-core': '^5.8.22',
17 silly publish      'babel-loader': '^5.3.2',
17 silly publish      chai: '^3.2.0',
17 silly publish      mocha: '^2.3.2',
17 silly publish      webpack: '^1.12.0' },
17 silly publish   scripts:
17 silly publish    { test: 'mocha --reporter=nyan',
17 silly publish      start: 'webpack && webpack --config webpack.dist.config.js' },
17 silly publish   repository: { type: 'git', url: 'git+https://github.com/vtex/cron.js.git' },
17 silly publish   keywords: [ 'cron', 'cron-expression', 'parse', 'generate' ],
17 silly publish   author: { name: 'Gustavo Giserman' },
17 silly publish   license: 'ISC',
17 silly publish   bugs: { url: 'https://github.com/vtex/cron.js/issues' },
17 silly publish   homepage: 'https://github.com/vtex/cron.js#readme',
17 silly publish   readme: '# cron.js\nWeekly Cron expressions parser and generator\n\n## Setup\n\n#### Browser:\n\n```html\n<script src="cron.min.js"></script>\n```\n\n#### Node:\n\n    npm i cron.js --save\n\n```js\nimport Cron from \'cron.js\'\n```\n\n*or*\n\n```js\nvar Cron = require(\'cron.js\')\n```\n\n## Usage\n```js\nlet data = {\n  days: [1, 2, 3, 4, 5, 6],\n  startTime: \'18:30:00\'\n};\n\n/* make */\nnew Cron( data, { optimize: true } ).expression;        //  \'* 30 18 * * 1-5 *\'\nnew Cron( data, { numeric: false } ).expression;        //  \'* 30 18 * * MON,TUE,WED,THU,FRI *\'\nnew Cron( { days: [\'FRI\', \'SAT\'] } ).expression;        //  \'* * * * * 5,6 *\'\nCron.make( data, { numeric: false, optimize: true } );  //  \'* 30 18 * * MON-FRI *\'\n\n/* parse */\nCron.parse(\'* 30 18 * * 1-3\');    // { days: [1, 2, 3], startTime: \'18:30:00\' }\nCron.parse(\'* 30 18 * * 1,3,6\');  // { days: [1, 3, 6], startTime: \'18:30:00\' }\nCron.parse(\'* * 12 * * SUN-SAT\'); // { days: [0, 1, 2, 3, 4, 5, 6], startTime: \'12:00:00\' }\n\n```\n\n#### Default options\n\n```js\n{\n  numeric: true,  // If days of week in output expression should be integers instead of strings (e.g.: 1,2 <- MON,TUE)\n  optimize: false // If days of week should be represented in ranges wherever possible (e.g.: 1-6 instead of 1,2,3,4,5,6)\n}\n```\n',
17 silly publish   readmeFilename: 'README.md',
17 silly publish   gitHead: 'a288cd688faa712bc368e5cf516abae1cb2c661d',
17 silly publish   _id: 'cron.js@0.1.0',
17 silly publish   _shasum: '7b58066ea971fd758a2f8d003fd1ba12713aa2ef',
17 silly publish   _from: '.' }
18 verbose getPublishConfig undefined
19 silly mapToRegistry name cron.js
20 silly mapToRegistry using default registry
21 silly mapToRegistry registry https://registry.npmjs.org/
22 silly mapToRegistry uri https://registry.npmjs.org/cron.js
23 verbose publish registryBase https://registry.npmjs.org/
24 silly publish uploading /home/gugiserman/.npm/cron.js/0.1.0/package.tgz
25 verbose request uri https://registry.npmjs.org/cron.js
26 verbose request sending authorization for write operation
27 info attempt registry request try #1 at 11:07:25
28 verbose request id 25a361c7a36fa2e6
29 http request PUT https://registry.npmjs.org/cron.js
30 http 403 https://registry.npmjs.org/cron.js
31 verbose headers { 'content-type': 'application/json',
31 verbose headers   'cache-control': 'max-age=60',
31 verbose headers   'content-length': '95',
31 verbose headers   'accept-ranges': 'bytes',
31 verbose headers   date: 'Tue, 29 Sep 2015 14:07:27 GMT',
31 verbose headers   via: '1.1 varnish',
31 verbose headers   connection: 'keep-alive',
31 verbose headers   'x-served-by': 'cache-iad2138-IAD',
31 verbose headers   'x-cache': 'MISS',
31 verbose headers   'x-cache-hits': '0',
31 verbose headers   'x-timer': 'S1443535646.403019,VS0,VE1184' }
32 verbose request invalidating /home/gugiserman/.npm/registry.npmjs.org/cron.js on PUT
33 error publish Failed PUT 403
34 verbose stack Error: "You cannot publish over the previously published version 0.1.0." : cron.js
34 verbose stack     at CachingRegistryClient.<anonymous> (/home/gugiserman/local/lib/node_modules/npm/node_modules/npm-registry-client/lib/request.js:247:14)
34 verbose stack     at Request._callback (/home/gugiserman/local/lib/node_modules/npm/node_modules/npm-registry-client/lib/request.js:170:14)
34 verbose stack     at Request.self.callback (/home/gugiserman/local/lib/node_modules/npm/node_modules/request/request.js:197:22)
34 verbose stack     at Request.emit (events.js:98:17)
34 verbose stack     at Request.<anonymous> (/home/gugiserman/local/lib/node_modules/npm/node_modules/request/request.js:1050:14)
34 verbose stack     at Request.emit (events.js:117:20)
34 verbose stack     at IncomingMessage.<anonymous> (/home/gugiserman/local/lib/node_modules/npm/node_modules/request/request.js:996:12)
34 verbose stack     at IncomingMessage.emit (events.js:117:20)
34 verbose stack     at _stream_readable.js:929:16
34 verbose stack     at process._tickCallback (node.js:419:13)
35 verbose statusCode 403
36 verbose pkgid cron.js
37 verbose cwd /home/gugiserman/Projects/cron.js
38 error Linux 3.13.0-53-generic
39 error argv "node" "/home/gugiserman/local/bin/npm" "publish"
40 error node v0.10.29
41 error npm  v2.12.0
42 error code E403
43 error "You cannot publish over the previously published version 0.1.0." : cron.js
44 error If you need help, you may report this error at:
44 error     <https://github.com/npm/npm/issues>
45 verbose exit [ 1, true ]
